#-----------------------------------------------------------
# Vivado v2018.3.1 (64-bit)
# SW Build 2489853 on Tue Mar 26 04:20:25 MDT 2019
# IP Build 2486929 on Tue Mar 26 06:44:21 MDT 2019
# Start of session at: Tue Apr  2 12:38:30 2024
# Process ID: 11188
# Current directory: C:/Users/akbarmu6/ip_repo/grahpics_rendering_2
# Command line: vivado.exe -gui_launcher_event rodinguilauncherevent9308 C:\Users\akbarmu6\ip_repo\grahpics_rendering_2\edit_graphics_rendering_v2_0.xpr
# Log file: C:/Users/akbarmu6/ip_repo/grahpics_rendering_2/vivado.log
# Journal file: C:/Users/akbarmu6/ip_repo/grahpics_rendering_2\vivado.jou
#-----------------------------------------------------------
start_gui
open_project C:/Users/akbarmu6/ip_repo/grahpics_rendering_2/edit_graphics_rendering_v2_0.xpr
INFO: [Project 1-313] Project file moved from 'c:/users/jazim/school/ece532/project/vivado/custom_ip/ip_repo/grahpics_rendering_2' since last save.
CRITICAL WARNING: [Project 1-311] Could not find the file 'C:/../../../../../Users/Jazim/school/ECE532/project/Vivado/custom_ip/ip_repo/grahpics_rendering_2/graphics_rendering_2.0/hdl/graphics_rendering.sv', nor could it be found using path 'c:/Users/Jazim/school/ECE532/project/Vivado/custom_ip/ip_repo/grahpics_rendering_2/graphics_rendering_2.0/hdl/graphics_rendering.sv'.
CRITICAL WARNING: [Project 1-311] Could not find the file 'C:/../../../../../Users/Jazim/school/ECE532/project/Vivado/custom_ip/ip_repo/grahpics_rendering_2/graphics_rendering_2.0/hdl/graphics_rendering_v2_0.v', nor could it be found using path 'c:/Users/Jazim/school/ECE532/project/Vivado/custom_ip/ip_repo/grahpics_rendering_2/graphics_rendering_2.0/hdl/graphics_rendering_v2_0.v'.
WARNING: [filemgmt 56-99] Vivado Synthesis ignores library specification for Verilog or SystemVerilog files. [C:/../../../../../Users/Jazim/school/ECE532/project/Vivado/custom_ip/ip_repo/grahpics_rendering_2/graphics_rendering_2.0/hdl/graphics_rendering_v2_0.v:]
CRITICAL WARNING: [Project 1-311] Could not find the file 'C:/../../../../../Users/Jazim/school/ECE532/project/Vivado/custom_ip/ip_repo/grahpics_rendering_2/graphics_rendering_2.0/hdl/graphics_rendering_v2_0_M00_AXI.v', nor could it be found using path 'c:/Users/Jazim/school/ECE532/project/Vivado/custom_ip/ip_repo/grahpics_rendering_2/graphics_rendering_2.0/hdl/graphics_rendering_v2_0_M00_AXI.v'.
WARNING: [filemgmt 56-99] Vivado Synthesis ignores library specification for Verilog or SystemVerilog files. [C:/../../../../../Users/Jazim/school/ECE532/project/Vivado/custom_ip/ip_repo/grahpics_rendering_2/graphics_rendering_2.0/hdl/graphics_rendering_v2_0_M00_AXI.v:]
CRITICAL WARNING: [Project 1-311] Could not find the file 'C:/../../../../../Users/Jazim/school/ECE532/project/Vivado/custom_ip/ip_repo/grahpics_rendering_2/graphics_rendering_2.0/hdl/graphics_rendering_v2_0_S00_AXI.v', nor could it be found using path 'c:/Users/Jazim/school/ECE532/project/Vivado/custom_ip/ip_repo/grahpics_rendering_2/graphics_rendering_2.0/hdl/graphics_rendering_v2_0_S00_AXI.v'.
WARNING: [filemgmt 56-99] Vivado Synthesis ignores library specification for Verilog or SystemVerilog files. [C:/../../../../../Users/Jazim/school/ECE532/project/Vivado/custom_ip/ip_repo/grahpics_rendering_2/graphics_rendering_2.0/hdl/graphics_rendering_v2_0_S00_AXI.v:]
CRITICAL WARNING: [Project 1-311] Could not find the file 'C:/../../../../../Users/Jazim/school/ECE532/project/Vivado/custom_ip/ip_repo/grahpics_rendering_2/graphics_rendering_2.0/component.xml', nor could it be found using path 'c:/Users/Jazim/school/ECE532/project/Vivado/custom_ip/ip_repo/grahpics_rendering_2/graphics_rendering_2.0/component.xml'.
Scanning sources...
Finished scanning sources
WARNING: [filemgmt 56-99] Vivado Synthesis ignores library specification for Verilog or SystemVerilog files. [C:/../../../../../Users/Jazim/school/ECE532/project/Vivado/custom_ip/ip_repo/grahpics_rendering_2/graphics_rendering_2.0/hdl/graphics_rendering_v2_0.v:]
WARNING: [filemgmt 56-99] Vivado Synthesis ignores library specification for Verilog or SystemVerilog files. [C:/../../../../../Users/Jazim/school/ECE532/project/Vivado/custom_ip/ip_repo/grahpics_rendering_2/graphics_rendering_2.0/hdl/graphics_rendering_v2_0_M00_AXI.v:]
WARNING: [filemgmt 56-99] Vivado Synthesis ignores library specification for Verilog or SystemVerilog files. [C:/../../../../../Users/Jazim/school/ECE532/project/Vivado/custom_ip/ip_repo/grahpics_rendering_2/graphics_rendering_2.0/hdl/graphics_rendering_v2_0_S00_AXI.v:]
WARNING: [filemgmt 56-2] IP Repository Path: Could not find the directory 'C:/../../../../../Users/Jazim/school/ECE532/project/Vivado/custom_ip/ip_repo/grahpics_rendering_2/graphics_rendering_2.0', nor could it be found using path 'c:/Users/Jazim/school/ECE532/project/Vivado/custom_ip/ip_repo/grahpics_rendering_2/graphics_rendering_2.0'.
WARNING: [filemgmt 56-2] IP Repository Path: Could not find the directory 'C:/../../../../../Users/Jazim/school/ECE532/project/Vivado/custom_ip/ip_repo/grahpics_rendering/graphics_rendering_1.0', nor could it be found using path 'c:/Users/Jazim/school/ECE532/project/Vivado/custom_ip/ip_repo/grahpics_rendering/graphics_rendering_1.0'.
WARNING: [filemgmt 56-2] IP Repository Path: Could not find the directory 'C:/../../../../../Users/Jazim/school/ECE532/project/Vivado/custom_ip/ip_repo/graphics_rendering/graphics_rendering_1.0', nor could it be found using path 'c:/Users/Jazim/school/ECE532/project/Vivado/custom_ip/ip_repo/graphics_rendering/graphics_rendering_1.0'.
WARNING: [filemgmt 56-2] IP Repository Path: Could not find the directory 'C:/../../../../../Users/Jazim/school/ECE532/project/Vivado/custom_ip/ip_repo/physics_core_1.0', nor could it be found using path 'c:/Users/Jazim/school/ECE532/project/Vivado/custom_ip/ip_repo/physics_core_1.0'.
WARNING: [filemgmt 56-2] IP Repository Path: Could not find the directory 'C:/../../../../../Users/Jazim/school/ECE532/project/Vivado/custom_ip/ip_repo/bram_2_ddr_stream_1.0', nor could it be found using path 'c:/Users/Jazim/school/ECE532/project/Vivado/custom_ip/ip_repo/bram_2_ddr_stream_1.0'.
WARNING: [filemgmt 56-2] IP Repository Path: Could not find the directory 'C:/../../../../../Users/Jazim/school/ECE532/project/Vivado/custom_ip/ip_repo/ddr_to_bram_vga_stream_1.0', nor could it be found using path 'c:/Users/Jazim/school/ECE532/project/Vivado/custom_ip/ip_repo/ddr_to_bram_vga_stream_1.0'.
WARNING: [filemgmt 56-2] IP Repository Path: Could not find the directory 'C:/../../../../../Users/Jazim/school/ECE532/project/Vivado/custom_ip/ip_repo/axi_lite_test_1.0', nor could it be found using path 'c:/Users/Jazim/school/ECE532/project/Vivado/custom_ip/ip_repo/axi_lite_test_1.0'.
WARNING: [filemgmt 56-2] IP Repository Path: Could not find the directory 'C:/../../../../../Users/Jazim/school/ECE532/project/Vivado/custom_ip/ip_repo/sequential_read_axi_lite_master_2.0', nor could it be found using path 'c:/Users/Jazim/school/ECE532/project/Vivado/custom_ip/ip_repo/sequential_read_axi_lite_master_2.0'.
WARNING: [filemgmt 56-2] IP Repository Path: Could not find the directory 'C:/../../../../../Users/Jazim/school/ECE532/project/Vivado/custom_ip/ip_repo/sequential_read_axi_lite_master_1.0', nor could it be found using path 'c:/Users/Jazim/school/ECE532/project/Vivado/custom_ip/ip_repo/sequential_read_axi_lite_master_1.0'.
INFO: [IP_Flow 19-234] Refreshing IP repositories
WARNING: [IP_Flow 19-2248] Failed to load user IP repository 'c:/Users/Users/Jazim/school/ECE532/project/Vivado/custom_ip/ip_repo/grahpics_rendering_2/graphics_rendering_2.0'; Can't find the specified path.
If this directory should no longer be in your list of user repositories, go to the IP Settings dialog and remove it.
WARNING: [IP_Flow 19-2248] Failed to load user IP repository 'c:/Users/Users/Jazim/school/ECE532/project/Vivado/custom_ip/ip_repo/grahpics_rendering/graphics_rendering_1.0'; Can't find the specified path.
If this directory should no longer be in your list of user repositories, go to the IP Settings dialog and remove it.
WARNING: [IP_Flow 19-2248] Failed to load user IP repository 'c:/Users/Users/Jazim/school/ECE532/project/Vivado/custom_ip/ip_repo/graphics_rendering/graphics_rendering_1.0'; Can't find the specified path.
If this directory should no longer be in your list of user repositories, go to the IP Settings dialog and remove it.
WARNING: [IP_Flow 19-2248] Failed to load user IP repository 'c:/Users/Users/Jazim/school/ECE532/project/Vivado/custom_ip/ip_repo/physics_core_1.0'; Can't find the specified path.
If this directory should no longer be in your list of user repositories, go to the IP Settings dialog and remove it.
WARNING: [IP_Flow 19-2248] Failed to load user IP repository 'c:/Users/Users/Jazim/school/ECE532/project/Vivado/custom_ip/ip_repo/bram_2_ddr_stream_1.0'; Can't find the specified path.
If this directory should no longer be in your list of user repositories, go to the IP Settings dialog and remove it.
WARNING: [IP_Flow 19-2248] Failed to load user IP repository 'c:/Users/Users/Jazim/school/ECE532/project/Vivado/custom_ip/ip_repo/ddr_to_bram_vga_stream_1.0'; Can't find the specified path.
If this directory should no longer be in your list of user repositories, go to the IP Settings dialog and remove it.
WARNING: [IP_Flow 19-2248] Failed to load user IP repository 'c:/Users/Users/Jazim/school/ECE532/project/Vivado/custom_ip/ip_repo/axi_lite_test_1.0'; Can't find the specified path.
If this directory should no longer be in your list of user repositories, go to the IP Settings dialog and remove it.
WARNING: [IP_Flow 19-2248] Failed to load user IP repository 'c:/Users/Users/Jazim/school/ECE532/project/Vivado/custom_ip/ip_repo/sequential_read_axi_lite_master_2.0'; Can't find the specified path.
If this directory should no longer be in your list of user repositories, go to the IP Settings dialog and remove it.
WARNING: [IP_Flow 19-2248] Failed to load user IP repository 'c:/Users/Users/Jazim/school/ECE532/project/Vivado/custom_ip/ip_repo/sequential_read_axi_lite_master_1.0'; Can't find the specified path.
If this directory should no longer be in your list of user repositories, go to the IP Settings dialog and remove it.
INFO: [IP_Flow 19-2313] Loaded Vivado IP repository 'C:/DESL/Xilinx/Vivado/2018.3/data/ip'.
open_project: Time (s): cpu = 00:00:10 ; elapsed = 00:00:05 . Memory (MB): peak = 782.980 ; gain = 164.383
update_compile_order -fileset sources_1
set_property source_mgmt_mode DisplayOnly [current_project]
update_files -from_files C:/Users/akbarmu6/ip_repo/grahpics_rendering_2/graphics_rendering_2.0/hdl/graphics_rendering_v2_0.v -to_files C:/../../../../../Users/Jazim/school/ECE532/project/Vivado/custom_ip/ip_repo/grahpics_rendering_2/graphics_rendering_2.0/hdl/graphics_rendering_v2_0.v -filesets [get_filesets *]
INFO: [filemgmt 20-762] Replacing file 'C:/../../../../../Users/Jazim/school/ECE532/project/Vivado/custom_ip/ip_repo/grahpics_rendering_2/graphics_rendering_2.0/hdl/graphics_rendering_v2_0.v' with file 'C:/Users/akbarmu6/ip_repo/grahpics_rendering_2/graphics_rendering_2.0/hdl/graphics_rendering_v2_0.v'.
WARNING: [filemgmt 56-99] Vivado Synthesis ignores library specification for Verilog or SystemVerilog files. [C:/Users/akbarmu6/ip_repo/grahpics_rendering_2/graphics_rendering_2.0/hdl/graphics_rendering_v2_0.v:]
update_files -from_files C:/Users/akbarmu6/ip_repo/grahpics_rendering_2/graphics_rendering_2.0/hdl/graphics_rendering.sv -to_files C:/../../../../../Users/Jazim/school/ECE532/project/Vivado/custom_ip/ip_repo/grahpics_rendering_2/graphics_rendering_2.0/hdl/graphics_rendering.sv -filesets [get_filesets *]
INFO: [filemgmt 20-762] Replacing file 'C:/../../../../../Users/Jazim/school/ECE532/project/Vivado/custom_ip/ip_repo/grahpics_rendering_2/graphics_rendering_2.0/hdl/graphics_rendering.sv' with file 'C:/Users/akbarmu6/ip_repo/grahpics_rendering_2/graphics_rendering_2.0/hdl/graphics_rendering.sv'.
update_files -from_files C:/Users/akbarmu6/ip_repo/grahpics_rendering_2/graphics_rendering_2.0/component.xml -to_files C:/../../../../../Users/Jazim/school/ECE532/project/Vivado/custom_ip/ip_repo/grahpics_rendering_2/graphics_rendering_2.0/component.xml -filesets [get_filesets *]
INFO: [filemgmt 20-762] Replacing file 'C:/../../../../../Users/Jazim/school/ECE532/project/Vivado/custom_ip/ip_repo/grahpics_rendering_2/graphics_rendering_2.0/component.xml' with file 'C:/Users/akbarmu6/ip_repo/grahpics_rendering_2/graphics_rendering_2.0/component.xml'.
ipx::open_ipxact_file {C:\Users\akbarmu6\ip_repo\grahpics_rendering_2\graphics_rendering_2.0\component.xml}
WARNING: [IP_Flow 19-5226] Project source file 'c:/Users/akbarmu6/ip_repo/grahpics_rendering_2/graphics_rendering_2.0/component.xml' ignored by IP packager.
WARNING: [IP_Flow 19-3898] File Group 'xilinx_verilogsynthesis (Verilog Synthesis)': File 'c:/Users/akbarmu6/ip_repo/grahpics_rendering_2/graphics_rendering_2.0/hdl/graphics_rendering.sv' is not found in the project sources. It will be removed from the packaged IP when the sources are merged. If still required, please add this file to the project and re-package.
WARNING: [IP_Flow 19-3898] File Group 'xilinx_verilogsynthesis (Verilog Synthesis)': File 'c:/Users/akbarmu6/ip_repo/grahpics_rendering_2/graphics_rendering_2.0/hdl/graphics_rendering_v2_0.v' is not found in the project sources. It will be removed from the packaged IP when the sources are merged. If still required, please add this file to the project and re-package.
WARNING: [IP_Flow 19-4308] Project file 'c:/Users/akbarmu6/Users/Jazim/school/ECE532/project/Vivado/custom_ip/ip_repo/grahpics_rendering_2/graphics_rendering_2.0/hdl/graphics_rendering_v2_0_M00_AXI.v' is not found in the component files. It will be added automatically when merging sources and repackaging. Please remove the file from the source project if this is not desired.
WARNING: [IP_Flow 19-4308] Project file 'c:/Users/akbarmu6/Users/Jazim/school/ECE532/project/Vivado/custom_ip/ip_repo/grahpics_rendering_2/graphics_rendering_2.0/hdl/graphics_rendering_v2_0_S00_AXI.v' is not found in the component files. It will be added automatically when merging sources and repackaging. Please remove the file from the source project if this is not desired.
WARNING: [IP_Flow 19-3898] File Group 'xilinx_verilogbehavioralsimulation (Verilog Simulation)': File 'c:/Users/akbarmu6/ip_repo/grahpics_rendering_2/graphics_rendering_2.0/hdl/graphics_rendering.sv' is not found in the project sources. It will be removed from the packaged IP when the sources are merged. If still required, please add this file to the project and re-package.
WARNING: [IP_Flow 19-3898] File Group 'xilinx_verilogbehavioralsimulation (Verilog Simulation)': File 'c:/Users/akbarmu6/ip_repo/grahpics_rendering_2/graphics_rendering_2.0/hdl/graphics_rendering_v2_0.v' is not found in the project sources. It will be removed from the packaged IP when the sources are merged. If still required, please add this file to the project and re-package.
WARNING: [IP_Flow 19-4308] Project file 'c:/Users/akbarmu6/Users/Jazim/school/ECE532/project/Vivado/custom_ip/ip_repo/grahpics_rendering_2/graphics_rendering_2.0/hdl/graphics_rendering_v2_0_M00_AXI.v' is not found in the component files. It will be added automatically when merging sources and repackaging. Please remove the file from the source project if this is not desired.
WARNING: [IP_Flow 19-4308] Project file 'c:/Users/akbarmu6/Users/Jazim/school/ECE532/project/Vivado/custom_ip/ip_repo/grahpics_rendering_2/graphics_rendering_2.0/hdl/graphics_rendering_v2_0_S00_AXI.v' is not found in the component files. It will be added automatically when merging sources and repackaging. Please remove the file from the source project if this is not desired.
ipx::merge_project_changes hdl_parameters [ipx::current_core]
WARNING: [IP_Flow 19-5226] Project source file 'c:/Users/akbarmu6/ip_repo/grahpics_rendering_2/graphics_rendering_2.0/component.xml' ignored by IP packager.
INFO: [IP_Flow 19-5169] Module 'graphics_rendering_v2_0' uses SystemVerilog sources with a Verilog top file. These SystemVerilog files will not be analysed by the packager.
ERROR: [IP_Flow 19-259] [HDL Parser] Failed analyze operation while parsing HDL.
ERROR: [IP_Flow 19-258] [HDL Parser] Error parsing HDL file '../../../Users/Jazim/school/ECE532/project/Vivado/custom_ip/ip_repo/grahpics_rendering_2/graphics_rendering_2.0/hdl/graphics_rendering_v2_0_S00_AXI.v'.
ERROR: [Common 17-39] 'ipx::merge_project_changes' failed due to earlier errors.
update_files -from_files C:/Users/akbarmu6/ip_repo/grahpics_rendering_2/graphics_rendering_2.0/hdl/graphics_rendering_v2_0_M00_AXI.v -to_files C:/../../../../../Users/Jazim/school/ECE532/project/Vivado/custom_ip/ip_repo/grahpics_rendering_2/graphics_rendering_2.0/hdl/graphics_rendering_v2_0_M00_AXI.v -filesets [get_filesets *]
INFO: [filemgmt 20-762] Replacing file 'C:/../../../../../Users/Jazim/school/ECE532/project/Vivado/custom_ip/ip_repo/grahpics_rendering_2/graphics_rendering_2.0/hdl/graphics_rendering_v2_0_M00_AXI.v' with file 'C:/Users/akbarmu6/ip_repo/grahpics_rendering_2/graphics_rendering_2.0/hdl/graphics_rendering_v2_0_M00_AXI.v'.
WARNING: [filemgmt 56-99] Vivado Synthesis ignores library specification for Verilog or SystemVerilog files. [C:/Users/akbarmu6/ip_repo/grahpics_rendering_2/graphics_rendering_2.0/hdl/graphics_rendering_v2_0_M00_AXI.v:]
update_files -from_files C:/Users/akbarmu6/ip_repo/grahpics_rendering_2/graphics_rendering_2.0/hdl/graphics_rendering_v2_0_S00_AXI.v -to_files C:/../../../../../Users/Jazim/school/ECE532/project/Vivado/custom_ip/ip_repo/grahpics_rendering_2/graphics_rendering_2.0/hdl/graphics_rendering_v2_0_S00_AXI.v -filesets [get_filesets *]
INFO: [filemgmt 20-762] Replacing file 'C:/../../../../../Users/Jazim/school/ECE532/project/Vivado/custom_ip/ip_repo/grahpics_rendering_2/graphics_rendering_2.0/hdl/graphics_rendering_v2_0_S00_AXI.v' with file 'C:/Users/akbarmu6/ip_repo/grahpics_rendering_2/graphics_rendering_2.0/hdl/graphics_rendering_v2_0_S00_AXI.v'.
WARNING: [filemgmt 56-99] Vivado Synthesis ignores library specification for Verilog or SystemVerilog files. [C:/Users/akbarmu6/ip_repo/grahpics_rendering_2/graphics_rendering_2.0/hdl/graphics_rendering_v2_0_S00_AXI.v:]
ipx::merge_project_changes files [ipx::current_core]
WARNING: [IP_Flow 19-5226] Project source file 'c:/Users/akbarmu6/ip_repo/grahpics_rendering_2/graphics_rendering_2.0/component.xml' ignored by IP packager.
WARNING: [IP_Flow 19-5109] File Group 'xilinx_verilogsynthesis (Verilog Synthesis)': File 'c:/Users/akbarmu6/Users/Jazim/school/ECE532/project/Vivado/custom_ip/ip_repo/grahpics_rendering_2/graphics_rendering_2.0/hdl/graphics_rendering_v2_0_M00_AXI.v' does not exist in the project sources. It has been removed from the packaged IP. If still required, please add this file to the project, merge sources and re-package.
WARNING: [IP_Flow 19-5109] File Group 'xilinx_verilogsynthesis (Verilog Synthesis)': File 'c:/Users/akbarmu6/Users/Jazim/school/ECE532/project/Vivado/custom_ip/ip_repo/grahpics_rendering_2/graphics_rendering_2.0/hdl/graphics_rendering_v2_0_S00_AXI.v' does not exist in the project sources. It has been removed from the packaged IP. If still required, please add this file to the project, merge sources and re-package.
WARNING: [IP_Flow 19-5109] File Group 'xilinx_verilogbehavioralsimulation (Verilog Simulation)': File 'c:/Users/akbarmu6/Users/Jazim/school/ECE532/project/Vivado/custom_ip/ip_repo/grahpics_rendering_2/graphics_rendering_2.0/hdl/graphics_rendering_v2_0_M00_AXI.v' does not exist in the project sources. It has been removed from the packaged IP. If still required, please add this file to the project, merge sources and re-package.
WARNING: [IP_Flow 19-5109] File Group 'xilinx_verilogbehavioralsimulation (Verilog Simulation)': File 'c:/Users/akbarmu6/Users/Jazim/school/ECE532/project/Vivado/custom_ip/ip_repo/grahpics_rendering_2/graphics_rendering_2.0/hdl/graphics_rendering_v2_0_S00_AXI.v' does not exist in the project sources. It has been removed from the packaged IP. If still required, please add this file to the project, merge sources and re-package.
ipx::merge_project_changes hdl_parameters [ipx::current_core]
WARNING: [IP_Flow 19-5226] Project source file 'c:/Users/akbarmu6/ip_repo/grahpics_rendering_2/graphics_rendering_2.0/component.xml' ignored by IP packager.
INFO: [IP_Flow 19-5169] Module 'graphics_rendering_v2_0' uses SystemVerilog sources with a Verilog top file. These SystemVerilog files will not be analysed by the packager.
WARNING: [IP_Flow 19-4300] HDL parameter 'C_M00_AXI_AWUSER_WIDTH' has its value changed from '1' to '0'.
WARNING: [IP_Flow 19-4300] HDL parameter 'C_M00_AXI_ARUSER_WIDTH' has its value changed from '1' to '0'.
WARNING: [IP_Flow 19-4300] HDL parameter 'C_M00_AXI_WUSER_WIDTH' has its value changed from '1' to '0'.
WARNING: [IP_Flow 19-4300] HDL parameter 'C_M00_AXI_RUSER_WIDTH' has its value changed from '1' to '0'.
WARNING: [IP_Flow 19-4300] HDL parameter 'C_M00_AXI_BUSER_WIDTH' has its value changed from '1' to '0'.
INFO: [IP_Flow 19-3166] Bus Interface 'S00_AXI': References existing memory map 'S00_AXI'.
INFO: [IP_Flow 19-3164] Bus Interface 'M00_AXI': References existing address space 'M00_AXI'.
set_property core_revision 12 [ipx::current_core]
ipx::create_xgui_files [ipx::current_core]
ipx::update_checksums [ipx::current_core]
ipx::save_core [ipx::current_core]
set_property  ip_repo_paths  {c:/Users/akbarmu6/ip_repo/grahpics_rendering_2/graphics_rendering_2.0 c:/Users/Users/Jazim/school/ECE532/project/Vivado/custom_ip/ip_repo/grahpics_rendering_2/graphics_rendering_2.0 c:/Users/Users/Jazim/school/ECE532/project/Vivado/custom_ip/ip_repo/grahpics_rendering/graphics_rendering_1.0 c:/Users/Users/Jazim/school/ECE532/project/Vivado/custom_ip/ip_repo/graphics_rendering/graphics_rendering_1.0 c:/Users/Users/Jazim/school/ECE532/project/Vivado/custom_ip/ip_repo/physics_core_1.0 c:/Users/Users/Jazim/school/ECE532/project/Vivado/custom_ip/ip_repo/bram_2_ddr_stream_1.0 c:/Users/Users/Jazim/school/ECE532/project/Vivado/custom_ip/ip_repo/ddr_to_bram_vga_stream_1.0 c:/Users/Users/Jazim/school/ECE532/project/Vivado/custom_ip/ip_repo/axi_lite_test_1.0 c:/Users/Users/Jazim/school/ECE532/project/Vivado/custom_ip/ip_repo/sequential_read_axi_lite_master_2.0 c:/Users/Users/Jazim/school/ECE532/project/Vivado/custom_ip/ip_repo/sequential_read_axi_lite_master_1.0} [current_project]
update_ip_catalog
INFO: [IP_Flow 19-234] Refreshing IP repositories
INFO: [IP_Flow 19-1700] Loaded user IP repository 'c:/Users/akbarmu6/ip_repo/grahpics_rendering_2/graphics_rendering_2.0'.
WARNING: [IP_Flow 19-2248] Failed to load user IP repository 'c:/Users/Users/Jazim/school/ECE532/project/Vivado/custom_ip/ip_repo/grahpics_rendering_2/graphics_rendering_2.0'; Can't find the specified path.
If this directory should no longer be in your list of user repositories, go to the IP Settings dialog and remove it.
WARNING: [IP_Flow 19-2248] Failed to load user IP repository 'c:/Users/Users/Jazim/school/ECE532/project/Vivado/custom_ip/ip_repo/grahpics_rendering/graphics_rendering_1.0'; Can't find the specified path.
If this directory should no longer be in your list of user repositories, go to the IP Settings dialog and remove it.
WARNING: [IP_Flow 19-2248] Failed to load user IP repository 'c:/Users/Users/Jazim/school/ECE532/project/Vivado/custom_ip/ip_repo/graphics_rendering/graphics_rendering_1.0'; Can't find the specified path.
If this directory should no longer be in your list of user repositories, go to the IP Settings dialog and remove it.
WARNING: [IP_Flow 19-2248] Failed to load user IP repository 'c:/Users/Users/Jazim/school/ECE532/project/Vivado/custom_ip/ip_repo/physics_core_1.0'; Can't find the specified path.
If this directory should no longer be in your list of user repositories, go to the IP Settings dialog and remove it.
WARNING: [IP_Flow 19-2248] Failed to load user IP repository 'c:/Users/Users/Jazim/school/ECE532/project/Vivado/custom_ip/ip_repo/bram_2_ddr_stream_1.0'; Can't find the specified path.
If this directory should no longer be in your list of user repositories, go to the IP Settings dialog and remove it.
WARNING: [IP_Flow 19-2248] Failed to load user IP repository 'c:/Users/Users/Jazim/school/ECE532/project/Vivado/custom_ip/ip_repo/ddr_to_bram_vga_stream_1.0'; Can't find the specified path.
If this directory should no longer be in your list of user repositories, go to the IP Settings dialog and remove it.
WARNING: [IP_Flow 19-2248] Failed to load user IP repository 'c:/Users/Users/Jazim/school/ECE532/project/Vivado/custom_ip/ip_repo/axi_lite_test_1.0'; Can't find the specified path.
If this directory should no longer be in your list of user repositories, go to the IP Settings dialog and remove it.
WARNING: [IP_Flow 19-2248] Failed to load user IP repository 'c:/Users/Users/Jazim/school/ECE532/project/Vivado/custom_ip/ip_repo/sequential_read_axi_lite_master_2.0'; Can't find the specified path.
If this directory should no longer be in your list of user repositories, go to the IP Settings dialog and remove it.
WARNING: [IP_Flow 19-2248] Failed to load user IP repository 'c:/Users/Users/Jazim/school/ECE532/project/Vivado/custom_ip/ip_repo/sequential_read_axi_lite_master_1.0'; Can't find the specified path.
If this directory should no longer be in your list of user repositories, go to the IP Settings dialog and remove it.
ipx::merge_project_changes files [ipx::current_core]
WARNING: [IP_Flow 19-5226] Project source file 'c:/Users/akbarmu6/ip_repo/grahpics_rendering_2/graphics_rendering_2.0/component.xml' ignored by IP packager.
ipx::merge_project_changes ports [ipx::current_core]
WARNING: [IP_Flow 19-5226] Project source file 'c:/Users/akbarmu6/ip_repo/grahpics_rendering_2/graphics_rendering_2.0/component.xml' ignored by IP packager.
INFO: [IP_Flow 19-5169] Module 'graphics_rendering_v2_0' uses SystemVerilog sources with a Verilog top file. These SystemVerilog files will not be analysed by the packager.
WARNING: [IP_Flow 19-4300] HDL parameter 'C_M00_AXI_AWUSER_WIDTH' has its value changed from '1' to '0'.
WARNING: [IP_Flow 19-4300] HDL parameter 'C_M00_AXI_ARUSER_WIDTH' has its value changed from '1' to '0'.
WARNING: [IP_Flow 19-4300] HDL parameter 'C_M00_AXI_WUSER_WIDTH' has its value changed from '1' to '0'.
WARNING: [IP_Flow 19-4300] HDL parameter 'C_M00_AXI_RUSER_WIDTH' has its value changed from '1' to '0'.
WARNING: [IP_Flow 19-4300] HDL parameter 'C_M00_AXI_BUSER_WIDTH' has its value changed from '1' to '0'.
INFO: [IP_Flow 19-3166] Bus Interface 'S00_AXI': References existing memory map 'S00_AXI'.
INFO: [IP_Flow 19-3164] Bus Interface 'M00_AXI': References existing address space 'M00_AXI'.
set_property core_revision 13 [ipx::current_core]
ipx::create_xgui_files [ipx::current_core]
ipx::update_checksums [ipx::current_core]
ipx::save_core [ipx::current_core]
update_ip_catalog -rebuild -repo_path c:/Users/akbarmu6/ip_repo/grahpics_rendering_2/graphics_rendering_2.0
INFO: [IP_Flow 19-725] Reloaded user IP repository 'c:/Users/akbarmu6/ip_repo/grahpics_rendering_2/graphics_rendering_2.0'
ipx::merge_project_changes ports [ipx::current_core]
WARNING: [IP_Flow 19-5226] Project source file 'c:/Users/akbarmu6/ip_repo/grahpics_rendering_2/graphics_rendering_2.0/component.xml' ignored by IP packager.
INFO: [IP_Flow 19-5169] Module 'graphics_rendering_v2_0' uses SystemVerilog sources with a Verilog top file. These SystemVerilog files will not be analysed by the packager.
WARNING: [IP_Flow 19-4300] HDL parameter 'C_M00_AXI_AWUSER_WIDTH' has its value changed from '1' to '0'.
WARNING: [IP_Flow 19-4300] HDL parameter 'C_M00_AXI_ARUSER_WIDTH' has its value changed from '1' to '0'.
WARNING: [IP_Flow 19-4300] HDL parameter 'C_M00_AXI_WUSER_WIDTH' has its value changed from '1' to '0'.
WARNING: [IP_Flow 19-4300] HDL parameter 'C_M00_AXI_RUSER_WIDTH' has its value changed from '1' to '0'.
WARNING: [IP_Flow 19-4300] HDL parameter 'C_M00_AXI_BUSER_WIDTH' has its value changed from '1' to '0'.
INFO: [IP_Flow 19-3166] Bus Interface 'S00_AXI': References existing memory map 'S00_AXI'.
INFO: [IP_Flow 19-3164] Bus Interface 'M00_AXI': References existing address space 'M00_AXI'.
ipx::merge_project_changes files [ipx::current_core]
WARNING: [IP_Flow 19-5226] Project source file 'c:/Users/akbarmu6/ip_repo/grahpics_rendering_2/graphics_rendering_2.0/component.xml' ignored by IP packager.
set_property core_revision 14 [ipx::current_core]
ipx::create_xgui_files [ipx::current_core]
ipx::update_checksums [ipx::current_core]
ipx::save_core [ipx::current_core]
update_ip_catalog -rebuild -repo_path c:/Users/akbarmu6/ip_repo/grahpics_rendering_2/graphics_rendering_2.0
INFO: [IP_Flow 19-725] Reloaded user IP repository 'c:/Users/akbarmu6/ip_repo/grahpics_rendering_2/graphics_rendering_2.0'
exit
INFO: [Common 17-206] Exiting Vivado at Tue Apr  2 15:16:34 2024...
